-------------------------------------------------------------------------------
Test set: testRunner.runners
-------------------------------------------------------------------------------
Tests run: 1, Failures: 1, Errors: 0, Skipped: 0, Time elapsed: 0.945 s <<< FAILURE! - in testRunner.runners
testRunner.runners.setUpClass  Time elapsed: 0.849 s  <<< FAILURE!
java.lang.IllegalArgumentException: path must exist: C:\Users\Fouad\demonopcommerce\src\main\resources\features

